sample.interval=20000
"close.connection" "close" "readRDS" "loadNamespace" "doTryCatch" "tryCatchOne" "tryCatchList" "tryCatch" "getNamespace" "asNamespace" "getExportedValue" "::" "g2g" "plotProfileCallGraph" 
"file.exists" "sys.source" "doTryCatch" "tryCatchOne" "tryCatchList" "tryCatch" "try" "loadNamespace" "namespaceImport" "loadNamespace" "asNamespace" "namespaceImportFrom" "loadNamespace" "doTryCatch" "tryCatchOne" "tryCatchList" "tryCatch" "getNamespace" "asNamespace" "getExportedValue" "::" "g2g" "plotProfileCallGraph" 
"gsub" ".getGenerics" "<Anonymous>" "loadNamespace" "asNamespace" "namespaceImportFrom" "loadNamespace" "doTryCatch" "tryCatchOne" "tryCatchList" "tryCatch" "getNamespace" "asNamespace" "getExportedValue" "::" "g2g" "plotProfileCallGraph" 
"lazyLoadDBfetch" "get" "<Anonymous>" "loadNamespace" "asNamespace" "namespaceImportFrom" "loadNamespace" "doTryCatch" "tryCatchOne" "tryCatchList" "tryCatch" "getNamespace" "asNamespace" "getExportedValue" "::" "g2g" "plotProfileCallGraph" 
"tryCatchOne" "tryCatchList" "tryCatch" "try" "objects" ".resetInheritedMethods" ".updateMethodsInTable" "<Anonymous>" "loadNamespace" "asNamespace" "namespaceImportFrom" "loadNamespace" "doTryCatch" "tryCatchOne" "tryCatchList" "tryCatch" "getNamespace" "asNamespace" "getExportedValue" "::" "g2g" "plotProfileCallGraph" 
"assign" "loadMethod" "standardGeneric" "loadMethod" "standardGeneric" "body<-" "makeGeneric" "implicitGeneric" ".genericOrImplicit" "<Anonymous>" "loadNamespace" "asNamespace" "namespaceImportFrom" "loadNamespace" "doTryCatch" "tryCatchOne" "tryCatchList" "tryCatch" "getNamespace" "asNamespace" "getExportedValue" "::" "g2g" "plotProfileCallGraph" 
"set" "<Anonymous>" "lazyLoadDBfetch" "<Anonymous>" "lazyLoadDBfetch" ".Call" ".getGeneric" "getGeneric" "<Anonymous>" "loadNamespace" "asNamespace" "namespaceImportFrom" "loadNamespace" "doTryCatch" "tryCatchOne" "tryCatchList" "tryCatch" "getNamespace" "asNamespace" "getExportedValue" "::" "g2g" "plotProfileCallGraph" 
".Call" ".getClassFromCache" "getClassDef" "is" ".mergeMethodsTable" ".updateMethodsInTable" "<Anonymous>" "loadNamespace" "asNamespace" "namespaceImportFrom" "loadNamespace" "doTryCatch" "tryCatchOne" "tryCatchList" "tryCatch" "getNamespace" "asNamespace" "getExportedValue" "::" "g2g" "plotProfileCallGraph" 
"grep" "objects" "<Anonymous>" "loadNamespace" "asNamespace" "namespaceImportFrom" "loadNamespace" "doTryCatch" "tryCatchOne" "tryCatchList" "tryCatch" "getNamespace" "asNamespace" "getExportedValue" "::" "g2g" "plotProfileCallGraph" 
"match" "%in%" "loadNamespace" "asNamespace" "namespaceImportFrom" "loadNamespace" "doTryCatch" "tryCatchOne" "tryCatchList" "tryCatch" "getNamespace" "asNamespace" "getExportedValue" "::" "g2g" "plotProfileCallGraph" 
"gzfile" "readRDS" "lazyLoadDBexec" "lazyLoad" "eval" "eval" "eval" "eval" "eval.parent" "local" "eval" "eval" "sys.source" "doTryCatch" "tryCatchOne" "tryCatchList" "tryCatch" "try" "loadNamespace" "asNamespace" "namespaceImportFrom" "loadNamespace" "doTryCatch" "tryCatchOne" "tryCatchList" "tryCatch" "getNamespace" "asNamespace" "getExportedValue" "::" "g2g" "plotProfileCallGraph" 
"paste" ".sigLabel" ".findMethodInTable" ".quickCoerceSelect" "as" "setDataPart" "makeGeneric" "implicitGeneric" ".genericOrImplicit" "<Anonymous>" "loadNamespace" "asNamespace" "namespaceImportFrom" "loadNamespace" "doTryCatch" "tryCatchOne" "tryCatchList" "tryCatch" "getNamespace" "asNamespace" "getExportedValue" "::" "g2g" "plotProfileCallGraph" 
"lazyLoadDBfetch" "<Anonymous>" "lazyLoadDBfetch" "<Anonymous>" "lazyLoadDBfetch" "<Anonymous>" "lazyLoadDBfetch" "<Anonymous>" "lazyLoadDBfetch" "<Anonymous>" "lazyLoadDBfetch" "<Anonymous>" "lazyLoadDBfetch" "<Anonymous>" "lazyLoadDBfetch" "<Anonymous>" "lazyLoadDBfetch" "get" "objects" ".mergeMethodsTable" ".updateMethodsInTable" "<Anonymous>" "loadNamespace" "asNamespace" "namespaceImportFrom" "loadNamespace" "doTryCatch" "tryCatchOne" "tryCatchList" "tryCatch" "getNamespace" "asNamespace" "getExportedValue" "::" "g2g" "plotProfileCallGraph" 
"gettext" "namespaceImportFrom" "loadNamespace" "doTryCatch" "tryCatchOne" "tryCatchList" "tryCatch" "getNamespace" "asNamespace" "getExportedValue" "::" "g2g" "plotProfileCallGraph" 
"set" "lazyLoadDBexec" "lazyLoad" "eval" "eval" "eval" "eval" "eval.parent" "local" "eval" "eval" "sys.source" "doTryCatch" "tryCatchOne" "tryCatchList" "tryCatch" "try" "loadNamespace" "doTryCatch" "tryCatchOne" "tryCatchList" "tryCatch" "getNamespace" "asNamespace" "getExportedValue" "::" "g2g" "plotProfileCallGraph" 
"set" "lazyLoadDBexec" "lazyLoad" "eval" "eval" "eval" "eval" "eval.parent" "local" "eval" "eval" "sys.source" "doTryCatch" "tryCatchOne" "tryCatchList" "tryCatch" "try" "loadNamespace" "doTryCatch" "tryCatchOne" "tryCatchList" "tryCatch" "getNamespace" "asNamespace" "getExportedValue" "::" "g2g" "plotProfileCallGraph" 
"set" "lazyLoadDBexec" "lazyLoad" "eval" "eval" "eval" "eval" "eval.parent" "local" "eval" "eval" "sys.source" "doTryCatch" "tryCatchOne" "tryCatchList" "tryCatch" "try" "loadNamespace" "doTryCatch" "tryCatchOne" "tryCatchList" "tryCatch" "getNamespace" "asNamespace" "getExportedValue" "::" "g2g" "plotProfileCallGraph" 
"set" "lazyLoadDBexec" "lazyLoad" "eval" "eval" "eval" "eval" "eval.parent" "local" "eval" "eval" "sys.source" "doTryCatch" "tryCatchOne" "tryCatchList" "tryCatch" "try" "loadNamespace" "doTryCatch" "tryCatchOne" "tryCatchList" "tryCatch" "getNamespace" "asNamespace" "getExportedValue" "::" "g2g" "plotProfileCallGraph" 
"set" "lazyLoadDBexec" "lazyLoad" "eval" "eval" "eval" "eval" "eval.parent" "local" "eval" "eval" "sys.source" "doTryCatch" "tryCatchOne" "tryCatchList" "tryCatch" "try" "loadNamespace" "doTryCatch" "tryCatchOne" "tryCatchList" "tryCatch" "getNamespace" "asNamespace" "getExportedValue" "::" "g2g" "plotProfileCallGraph" 
"lazyLoadDBfetch" "<Anonymous>" "lazyLoadDBfetch" "get" "objects" ".mergeMethodsTable" ".updateMethodsInTable" "<Anonymous>" "loadNamespace" "doTryCatch" "tryCatchOne" "tryCatchList" "tryCatch" "getNamespace" "asNamespace" "getExportedValue" "::" "g2g" "plotProfileCallGraph" 
"match" "possibleExtends" "is" ".updateMethodsInTable" "<Anonymous>" "loadNamespace" "doTryCatch" "tryCatchOne" "tryCatchList" "tryCatch" "getNamespace" "asNamespace" "getExportedValue" "::" "g2g" "plotProfileCallGraph" 
"lazyLoadDBfetch" "<Anonymous>" "lazyLoadDBfetch" "<Anonymous>" "lazyLoadDBfetch" ".Call" ".getGeneric" "getGeneric" "<Anonymous>" "loadNamespace" "doTryCatch" "tryCatchOne" "tryCatchList" "tryCatch" "getNamespace" "asNamespace" "getExportedValue" "::" "g2g" "plotProfileCallGraph" 
"lazyLoadDBfetch" "<Anonymous>" "lazyLoadDBfetch" "<Anonymous>" "lazyLoadDBfetch" ".Call" ".getGeneric" "getGeneric" "<Anonymous>" "loadNamespace" "doTryCatch" "tryCatchOne" "tryCatchList" "tryCatch" "getNamespace" "asNamespace" "getExportedValue" "::" "g2g" "plotProfileCallGraph" 
"set" "<Anonymous>" "lazyLoadDBfetch" "<Anonymous>" "lazyLoadDBfetch" "get" "objects" ".mergeMethodsTable" ".updateMethodsInTable" "<Anonymous>" "loadNamespace" "doTryCatch" "tryCatchOne" "tryCatchList" "tryCatch" "getNamespace" "asNamespace" "getExportedValue" "::" "g2g" "plotProfileCallGraph" 
"set" "<Anonymous>" "lazyLoadDBfetch" "<Anonymous>" "lazyLoadDBfetch" "get" "objects" ".mergeMethodsTable" ".updateMethodsInTable" "<Anonymous>" "loadNamespace" "doTryCatch" "tryCatchOne" "tryCatchList" "tryCatch" "getNamespace" "asNamespace" "getExportedValue" "::" "g2g" "plotProfileCallGraph" 
"set" "<Anonymous>" "lazyLoadDBfetch" "<Anonymous>" "lazyLoadDBfetch" "get" "objects" ".mergeMethodsTable" ".updateMethodsInTable" "<Anonymous>" "loadNamespace" "doTryCatch" "tryCatchOne" "tryCatchList" "tryCatch" "getNamespace" "asNamespace" "getExportedValue" "::" "g2g" "plotProfileCallGraph" 
"set" "<Anonymous>" "lazyLoadDBfetch" "<Anonymous>" "lazyLoadDBfetch" "get" "objects" ".mergeMethodsTable" ".updateMethodsInTable" "<Anonymous>" "loadNamespace" "doTryCatch" "tryCatchOne" "tryCatchList" "tryCatch" "getNamespace" "asNamespace" "getExportedValue" "::" "g2g" "plotProfileCallGraph" 
"set" "<Anonymous>" "lazyLoadDBfetch" "<Anonymous>" "lazyLoadDBfetch" "get" "objects" ".mergeMethodsTable" ".updateMethodsInTable" "<Anonymous>" "loadNamespace" "doTryCatch" "tryCatchOne" "tryCatchList" "tryCatch" "getNamespace" "asNamespace" "getExportedValue" "::" "g2g" "plotProfileCallGraph" 
"get" ".mergeMethodsTable" ".updateMethodsInTable" "<Anonymous>" "loadNamespace" "doTryCatch" "tryCatchOne" "tryCatchList" "tryCatch" "getNamespace" "asNamespace" "getExportedValue" "::" "g2g" "plotProfileCallGraph" 
"assign" "addExports" "namespaceExport" "loadNamespace" "doTryCatch" "tryCatchOne" "tryCatchList" "tryCatch" "getNamespace" "asNamespace" "getExportedValue" "::" "g2g" "plotProfileCallGraph" 
"%in%" "importIntoEnv" "namespaceImportFrom" "loadNamespace" "doTryCatch" "tryCatchOne" "tryCatchList" "tryCatch" "getNamespace" "asNamespace" "getExportedValue" "::" "plotProfileCallGraph" 
"objects" "<Anonymous>" "namespaceImportMethods" "loadNamespace" "doTryCatch" "tryCatchOne" "tryCatchList" "tryCatch" "getNamespace" "asNamespace" "getExportedValue" "::" "plotProfileCallGraph" 
"lazyLoadDBfetch" "<Anonymous>" "lazyLoadDBfetch" ".Call" ".getGeneric" "getGeneric" "<Anonymous>" "loadNamespace" "doTryCatch" "tryCatchOne" "tryCatchList" "tryCatch" "getNamespace" "asNamespace" "getExportedValue" "::" "plotProfileCallGraph" 
"lazyLoadDBfetch" ".Call" ".getGeneric" "getGeneric" "<Anonymous>" "loadNamespace" "doTryCatch" "tryCatchOne" "tryCatchList" "tryCatch" "getNamespace" "asNamespace" "getExportedValue" "::" "plotProfileCallGraph" 
"sapply" "remove" ".resetInheritedMethods" ".updateMethodsInTable" "<Anonymous>" "loadNamespace" "doTryCatch" "tryCatchOne" "tryCatchList" "tryCatch" "getNamespace" "asNamespace" "getExportedValue" "::" "plotProfileCallGraph" 
"getFromFrame" "<Anonymous>" "lazyLoadDBfetch" "<Anonymous>" "lazyLoadDBfetch" ".Call" ".getGeneric" "getGeneric" "<Anonymous>" "loadNamespace" "doTryCatch" "tryCatchOne" "tryCatchList" "tryCatch" "getNamespace" "asNamespace" "getExportedValue" "::" "plotProfileCallGraph" 
"set" "<Anonymous>" "lazyLoadDBfetch" ".Call" ".getGeneric" "getGeneric" "<Anonymous>" "loadNamespace" "doTryCatch" "tryCatchOne" "tryCatchList" "tryCatch" "getNamespace" "asNamespace" "getExportedValue" "::" "plotProfileCallGraph" 
"@<-" ".findInheritedMethods" "<Anonymous>" "standardGeneric" "edgemode" "validGraph" "<Anonymous>" "plotProfileCallGraph" 
".findInheritedMethods" "<Anonymous>" "standardGeneric" "edgeNames" "buildEdgeList" "agopen" "layoutFun" "<Anonymous>" "plotProfileCallGraph" 
".findInheritedMethods" "<Anonymous>" "standardGeneric" "edgeNames" "buildEdgeList" "agopen" "layoutFun" "<Anonymous>" "plotProfileCallGraph" 
".findInheritedMethods" "<Anonymous>" "standardGeneric" "edgeNames" "buildEdgeList" "agopen" "layoutFun" "<Anonymous>" "plotProfileCallGraph" 
".findInheritedMethods" "<Anonymous>" "standardGeneric" "edgeNames" "buildEdgeList" "agopen" "layoutFun" "<Anonymous>" "plotProfileCallGraph" 
".findInheritedMethods" "<Anonymous>" "standardGeneric" "edgeNames" "buildEdgeList" "agopen" "layoutFun" "<Anonymous>" "plotProfileCallGraph" 
".findInheritedMethods" "<Anonymous>" "standardGeneric" "edgeNames" "buildEdgeList" "agopen" "layoutFun" "<Anonymous>" "plotProfileCallGraph" 
"standardGeneric" "loadMethod" "standardGeneric" "FUN" "lapply" "sapply" "nodeRagraph2graph" "layoutFun" "<Anonymous>" "plotProfileCallGraph" 
"loadMethod" "standardGeneric" "labelJust" "FUN" "lapply" "sapply" "edgeRagraph2graph" "layoutFun" "<Anonymous>" "plotProfileCallGraph" 
"setRenderInfo" "withCallingHandlers" "suppressWarnings" "edgeRenderInfo<-" "layoutFun" "<Anonymous>" "plotProfileCallGraph" 
"setRenderInfo" "withCallingHandlers" "suppressWarnings" "<Anonymous>" "plotProfileCallGraph" 
".getClassFromCache" "getClass" "checkSlotAssignment" "slot<-" "setRenderInfo" "withCallingHandlers" "suppressWarnings" "<Anonymous>" "plotProfileCallGraph" 
".External2" "par" "append" ".local" "<Anonymous>" "standardGeneric" "<Anonymous>" "plotProfileCallGraph" 
"xy.coords" "polygon" "FUN" "lapply" "sapply" "renderNodes" ".local" "<Anonymous>" "standardGeneric" "<Anonymous>" "plotProfileCallGraph" 
"polygon" "FUN" "lapply" "sapply" "renderNodes" ".local" "<Anonymous>" "standardGeneric" "<Anonymous>" "plotProfileCallGraph" 
"polygon" "FUN" "lapply" "sapply" "renderNodes" ".local" "<Anonymous>" "standardGeneric" "<Anonymous>" "plotProfileCallGraph" 
"polygon" "FUN" "lapply" "sapply" "renderNodes" ".local" "<Anonymous>" "standardGeneric" "<Anonymous>" "plotProfileCallGraph" 
"polygon" "FUN" "lapply" "sapply" "renderNodes" ".local" "<Anonymous>" "standardGeneric" "<Anonymous>" "plotProfileCallGraph" 
"strwidth" "renderNodes" ".local" "<Anonymous>" "standardGeneric" "<Anonymous>" "plotProfileCallGraph" 
"text.default" "text" "renderNodes" ".local" "<Anonymous>" "standardGeneric" "<Anonymous>" "plotProfileCallGraph" 
"text.default" "text" "renderNodes" ".local" "<Anonymous>" "standardGeneric" "<Anonymous>" "plotProfileCallGraph" 
"text.default" "text" "renderNodes" ".local" "<Anonymous>" "standardGeneric" "<Anonymous>" "plotProfileCallGraph" 
"text.default" "text" "renderNodes" ".local" "<Anonymous>" "standardGeneric" "<Anonymous>" "plotProfileCallGraph" 
"unlist" "matrix" ".local" "edgeNames" "standardGeneric" "edgeNames" "getRenderPar" "drawEdges" ".local" "<Anonymous>" "standardGeneric" "<Anonymous>" "plotProfileCallGraph" 
"standardGeneric" "loadMethod" "standardGeneric" "lines" ".local" "FUN" "standardGeneric" "FUN" "lapply" "renderSpline" "withCallingHandlers" "suppressWarnings" "drawEdges" ".local" "<Anonymous>" "standardGeneric" "<Anonymous>" "plotProfileCallGraph" 
"plot.xy" "lines.default" "lines" "standardGeneric" "lines" ".local" "FUN" "standardGeneric" "FUN" "lapply" "renderSpline" "withCallingHandlers" "suppressWarnings" "drawEdges" ".local" "<Anonymous>" "standardGeneric" "<Anonymous>" "plotProfileCallGraph" 
"plot.xy" "lines.default" "lines" "standardGeneric" "lines" ".local" "FUN" "standardGeneric" "FUN" "lapply" "renderSpline" "withCallingHandlers" "suppressWarnings" "drawEdges" ".local" "<Anonymous>" "standardGeneric" "<Anonymous>" "plotProfileCallGraph" 
"plot.xy" "lines.default" "lines" "standardGeneric" "lines" ".local" "FUN" "standardGeneric" "FUN" "lapply" "renderSpline" "withCallingHandlers" "suppressWarnings" "drawEdges" ".local" "<Anonymous>" "standardGeneric" "<Anonymous>" "plotProfileCallGraph" 
"plot.xy" "lines.default" "lines" "standardGeneric" "lines" ".local" "FUN" "standardGeneric" "FUN" "lapply" "renderSpline" "withCallingHandlers" "suppressWarnings" "drawEdges" ".local" "<Anonymous>" "standardGeneric" "<Anonymous>" "plotProfileCallGraph" 
"arrows" "drawHead" "renderSpline" "withCallingHandlers" "suppressWarnings" "drawEdges" ".local" "<Anonymous>" "standardGeneric" "<Anonymous>" "plotProfileCallGraph" 
"plot.xy" "lines.default" "lines" "standardGeneric" "lines" ".local" "FUN" "standardGeneric" "FUN" "lapply" "renderSpline" "withCallingHandlers" "suppressWarnings" "drawEdges" ".local" "<Anonymous>" "standardGeneric" "<Anonymous>" "plotProfileCallGraph" 
"plot.xy" "lines.default" "lines" "standardGeneric" "lines" ".local" "FUN" "standardGeneric" "FUN" "lapply" "renderSpline" "withCallingHandlers" "suppressWarnings" "drawEdges" ".local" "<Anonymous>" "standardGeneric" "<Anonymous>" "plotProfileCallGraph" 
"plot.xy" "lines.default" "lines" "standardGeneric" "lines" ".local" "FUN" "standardGeneric" "FUN" "lapply" "renderSpline" "withCallingHandlers" "suppressWarnings" "drawEdges" ".local" "<Anonymous>" "standardGeneric" "<Anonymous>" "plotProfileCallGraph" 
"plot.xy" "lines.default" "lines" "standardGeneric" "lines" ".local" "FUN" "standardGeneric" "FUN" "lapply" "renderSpline" "withCallingHandlers" "suppressWarnings" "drawEdges" ".local" "<Anonymous>" "standardGeneric" "<Anonymous>" "plotProfileCallGraph" 
"assign" "loadMethod" "standardGeneric" "loadMethod" "standardGeneric" "bezierPoints" "standardGeneric" "head" "renderSpline" "withCallingHandlers" "suppressWarnings" "drawEdges" ".local" "<Anonymous>" "standardGeneric" "<Anonymous>" "plotProfileCallGraph" 
"arrows" "drawHead" "renderSpline" "withCallingHandlers" "suppressWarnings" "drawEdges" ".local" "<Anonymous>" "standardGeneric" "<Anonymous>" "plotProfileCallGraph" 
"arrows" "drawHead" "renderSpline" "withCallingHandlers" "suppressWarnings" "drawEdges" ".local" "<Anonymous>" "standardGeneric" "<Anonymous>" "plotProfileCallGraph" 
"bezierPoints" "standardGeneric" "bezierPoints" "standardGeneric" "tail" "renderSpline" "withCallingHandlers" "suppressWarnings" "drawEdges" ".local" "<Anonymous>" "standardGeneric" "<Anonymous>" "plotProfileCallGraph" 
"plot.xy" "lines.default" "lines" "standardGeneric" "lines" ".local" "FUN" "standardGeneric" "FUN" "lapply" "renderSpline" "withCallingHandlers" "suppressWarnings" "drawEdges" ".local" "<Anonymous>" "standardGeneric" "<Anonymous>" "plotProfileCallGraph" 
"plot.xy" "lines.default" "lines" "standardGeneric" "lines" ".local" "FUN" "standardGeneric" "FUN" "lapply" "renderSpline" "withCallingHandlers" "suppressWarnings" "drawEdges" ".local" "<Anonymous>" "standardGeneric" "<Anonymous>" "plotProfileCallGraph" 
"text.default" "text" "drawEdges" ".local" "<Anonymous>" "standardGeneric" "<Anonymous>" "plotProfileCallGraph" 
"deparse" "eval" "match.arg" "match" "textConnection" "capture.output" "paste" "gsub" "doTryCatch" "tryCatchOne" "tryCatchList" "tryCatch" "try" 
"gsub" "doTryCatch" "tryCatchOne" "tryCatchList" "tryCatch" "try" 
"match" "%in%" "deparse" "eval" "match.arg" "match" "textConnection" "capture.output" "paste" "gsub" "doTryCatch" "tryCatchOne" "tryCatchList" "tryCatch" "try" 
".External" "<Anonymous>" ".External" "dev.hold" "plot.default" "plot" 
"axis" "Axis.default" "Axis" "localAxis" "plot.default" "plot" 
